Using pre-set license
Built from '2022.1/staging' branch; Version is '2022.1.23f1 (9636b062134a) revision 9844400'; Using compiler version '192829333'; Build Type 'Release'
OS: 'Windows 11  (10.0.22621) 64bit CoreSingleLanguage' Language: 'en' Physical Memory: 7579 MB
BatchMode: 1, IsHumanControllingUs: 0, StartBugReporterOnCrash: 0, Is64bit: 1, IsPro: 1

COMMAND LINE ARGUMENTS:
D:\Program Files\Unity\Hub\Editor\2022.1.23f1\Editor\Unity.exe
-adb2
-batchMode
-noUpm
-name
AssetImportWorker1
-projectPath
D:/Soul Knight
-logFile
Logs/AssetImportWorker1.log
-srvPort
58784
Successfully changed project path to: D:/Soul Knight
D:/Soul Knight
[UnityMemory] Configuration Parameters - Can be set up in boot.config
    "memorysetup-bucket-allocator-granularity=16"
    "memorysetup-bucket-allocator-bucket-count=8"
    "memorysetup-bucket-allocator-block-size=33554432"
    "memorysetup-bucket-allocator-block-count=8"
    "memorysetup-main-allocator-block-size=16777216"
    "memorysetup-thread-allocator-block-size=16777216"
    "memorysetup-gfx-main-allocator-block-size=16777216"
    "memorysetup-gfx-thread-allocator-block-size=16777216"
    "memorysetup-cache-allocator-block-size=4194304"
    "memorysetup-typetree-allocator-block-size=2097152"
    "memorysetup-profiler-bucket-allocator-granularity=16"
    "memorysetup-profiler-bucket-allocator-bucket-count=8"
    "memorysetup-profiler-bucket-allocator-block-size=33554432"
    "memorysetup-profiler-bucket-allocator-block-count=8"
    "memorysetup-profiler-allocator-block-size=16777216"
    "memorysetup-profiler-editor-allocator-block-size=1048576"
    "memorysetup-temp-allocator-size-main=16777216"
    "memorysetup-job-temp-allocator-block-size=2097152"
    "memorysetup-job-temp-allocator-block-size-background=1048576"
    "memorysetup-job-temp-allocator-reduction-small-platforms=262144"
    "memorysetup-temp-allocator-size-background-worker=32768"
    "memorysetup-temp-allocator-size-job-worker=262144"
    "memorysetup-temp-allocator-size-preload-manager=33554432"
    "memorysetup-temp-allocator-size-nav-mesh-worker=65536"
    "memorysetup-temp-allocator-size-audio-worker=65536"
    "memorysetup-temp-allocator-size-cloud-worker=32768"
    "memorysetup-temp-allocator-size-gi-baking-worker=262144"
    "memorysetup-temp-allocator-size-gfx=262144"
Refreshing native plugins compatible for Editor in 184.94 ms, found 6 plugins.
Preloading 0 native plugins for Editor in 0.00 ms.
Initialize engine version: 2022.1.23f1 (9636b062134a)
[Subsystems] Discovering subsystems at path D:/Program Files/Unity/Hub/Editor/2022.1.23f1/Editor/Data/Resources/UnitySubsystems
[Subsystems] Discovering subsystems at path D:/Soul Knight/Assets
GfxDevice: creating device client; threaded=0; jobified=0
Direct3D:
    Version:  Direct3D 11.0 [level 11.1]
    Renderer: Radeon RX 5300M (ID=0x7340)
    Vendor:   ATI
    VRAM:     3030 MB
    Driver:   27.20.1023.1001
Initialize mono
Mono path[0] = 'D:/Program Files/Unity/Hub/Editor/2022.1.23f1/Editor/Data/Managed'
Mono path[1] = 'D:/Program Files/Unity/Hub/Editor/2022.1.23f1/Editor/Data/MonoBleedingEdge/lib/mono/unityjit-win32'
Mono config path = 'D:/Program Files/Unity/Hub/Editor/2022.1.23f1/Editor/Data/MonoBleedingEdge/etc'
Using monoOptions --debugger-agent=transport=dt_socket,embedding=1,server=y,suspend=n,address=127.0.0.1:56348
Begin MonoManager ReloadAssembly
Registering precompiled unity dll's ...
Register platform support module: D:/Program Files/Unity/Hub/Editor/2022.1.23f1/Editor/Data/PlaybackEngines/WindowsStandaloneSupport/UnityEditor.WindowsStandalone.Extensions.dll
Registered in 0.005570 seconds.
Native extension for WindowsStandalone target not found
Refreshing native plugins compatible for Editor in 207.82 ms, found 6 plugins.
Preloading 0 native plugins for Editor in 0.00 ms.
Mono: successfully reloaded assembly
- Completed reload, in  0.985 seconds
Domain Reload Profiling:
	ReloadAssembly (986ms)
		BeginReloadAssembly (155ms)
			ExecutionOrderSort (0ms)
			DisableScriptedObjects (0ms)
			BackupInstance (0ms)
			ReleaseScriptingObjects (0ms)
			CreateAndSetChildDomain (1ms)
		EndReloadAssembly (705ms)
			LoadAssemblies (153ms)
			RebuildTransferFunctionScriptingTraits (0ms)
			SetupTypeCache (154ms)
				TypeCache.Initialize (154ms)
					TypeCache.ScanAssembly (152ms)
				ResolveRequiredComponents (1ms)
			ReleaseScriptCaches (0ms)
			RebuildScriptCaches (34ms)
			SetupLoadedEditorAssemblies (456ms)
				LogAssemblyErrors (0ms)
				InitializePlatformSupportModulesInManaged (9ms)
				SetLoadedEditorAssemblies (12ms)
				RefreshPlugins (208ms)
				BeforeProcessingInitializeOnLoad (2ms)
				ProcessInitializeOnLoadAttributes (167ms)
				ProcessInitializeOnLoadMethodAttributes (57ms)
				AfterProcessingInitializeOnLoad (0ms)
				EditorAssembliesLoaded (0ms)
			ExecutionOrderSort2 (0ms)
			AwakeInstancesAfterBackupRestoration (0ms)
Platform modules already initialized, skipping
Registering precompiled user dll's ...
Registered in 0.023623 seconds.
Begin MonoManager ReloadAssembly
Symbol file LoadedFromMemory doesn't match image D:\Soul Knight\Library\PackageCache\com.unity.visualscripting@1.7.8\Editor\VisualScripting.Core\Dependencies\YamlDotNet\Unity.VisualScripting.YamlDotNet.dll
Symbol file LoadedFromMemory doesn't match image D:\Soul Knight\Library\PackageCache\com.unity.visualscripting@1.7.8\Editor\VisualScripting.Core\Dependencies\DotNetZip\Unity.VisualScripting.IonicZip.dll
Native extension for WindowsStandalone target not found
Refreshing native plugins compatible for Editor in 159.69 ms, found 6 plugins.
Preloading 0 native plugins for Editor in 0.00 ms.
Mono: successfully reloaded assembly
- Completed reload, in  1.986 seconds
Domain Reload Profiling:
	ReloadAssembly (1987ms)
		BeginReloadAssembly (237ms)
			ExecutionOrderSort (0ms)
			DisableScriptedObjects (6ms)
			BackupInstance (0ms)
			ReleaseScriptingObjects (0ms)
			CreateAndSetChildDomain (30ms)
		EndReloadAssembly (1609ms)
			LoadAssemblies (369ms)
			RebuildTransferFunctionScriptingTraits (0ms)
			SetupTypeCache (385ms)
				TypeCache.Initialize (376ms)
					TypeCache.ScanAssembly (369ms)
				ResolveRequiredComponents (9ms)
			ReleaseScriptCaches (1ms)
			RebuildScriptCaches (96ms)
			SetupLoadedEditorAssemblies (771ms)
				LogAssemblyErrors (0ms)
				InitializePlatformSupportModulesInManaged (5ms)
				SetLoadedEditorAssemblies (9ms)
				RefreshPlugins (160ms)
				BeforeProcessingInitializeOnLoad (131ms)
				ProcessInitializeOnLoadAttributes (400ms)
				ProcessInitializeOnLoadMethodAttributes (61ms)
				AfterProcessingInitializeOnLoad (4ms)
				EditorAssembliesLoaded (0ms)
			ExecutionOrderSort2 (0ms)
			AwakeInstancesAfterBackupRestoration (9ms)
Platform modules already initialized, skipping
========================================================================
Worker process is ready to serve import requests
Launched and connected shader compiler UnityShaderCompiler.exe after 0.10 seconds
Refreshing native plugins compatible for Editor in 1.73 ms, found 6 plugins.
Preloading 0 native plugins for Editor in 0.00 ms.
Unloading 4854 Unused Serialized files (Serialized files now loaded: 0)
Unloading 57 unused Assets / (103.9 KB). Loaded Objects now: 5324.
Memory consumption went from 0.74 GB to 0.74 GB.
Total: 5.577800 ms (FindLiveObjects: 0.516000 ms CreateObjectMapping: 0.167000 ms MarkObjects: 4.803600 ms  DeleteObjects: 0.089500 ms)

AssetImportParameters requested are different than current active one (requested -> active):
  custom:video-decoder-ogg-theora: a1e56fd34408186e4bbccfd4996cb3dc -> 
  custom:container-muxer-webm: aa71ff27fc2769a1b78a27578f13a17b -> 
  custom:container-demuxer-webm: 4f35f7cbe854078d1ac9338744f61a02 -> 
  custom:video-encoder-webm-vp8: eb34c28f22e8b96e1ab97ce403110664 -> 
  custom:audio-encoder-webm-vorbis: bf7c407c2cedff20999df2af8eb42d56 -> 
  custom:framework-win-MediaFoundation: 216162199b28c13a410421893ffa2e32 -> 
  custom:container-demuxer-ogg: 62fdf1f143b41e24485cea50d1cbac27 -> 
  custom:video-decoder-webm-vp8: 9c59270c3fd7afecdb556c50c9e8de78 -> 
  custom:audio-decoder-ogg-vorbis: bf7c407c2cedff20999df2af8eb42d56 -> 
========================================================================
Received Import Request.
  Time since last request: 21428.151839 seconds.
  path: Assets/Tiles/sheet_191.asset
  artifactKey: Guid(c984b55fb548f424d8bc71ed0304b870) Importer(815301076,1909f56bfc062723c751e8b465ee728b)
Start importing Assets/Tiles/sheet_191.asset using Guid(c984b55fb548f424d8bc71ed0304b870) Importer(815301076,1909f56bfc062723c751e8b465ee728b)  -> (artifact id: 'b6dc87b05476c6799c4b167d659d4489') in 0.168012 seconds 
========================================================================
Received Import Request.
  Time since last request: 0.000040 seconds.
  path: Assets/Tiles/mainlevbuild_216.asset
  artifactKey: Guid(4f7913caf6e043b4ba5ff520b4343ccd) Importer(815301076,1909f56bfc062723c751e8b465ee728b)
Start importing Assets/Tiles/mainlevbuild_216.asset using Guid(4f7913caf6e043b4ba5ff520b4343ccd) Importer(815301076,1909f56bfc062723c751e8b465ee728b)  -> (artifact id: '315bed3b01494f10080c3ee4fa037883') in 0.036438 seconds 
========================================================================
Received Import Request.
  Time since last request: 0.000044 seconds.
  path: Assets/Tiles/sheet_117.asset
  artifactKey: Guid(5a890ca15d22bf54eaf91be96934e73f) Importer(815301076,1909f56bfc062723c751e8b465ee728b)
Start importing Assets/Tiles/sheet_117.asset using Guid(5a890ca15d22bf54eaf91be96934e73f) Importer(815301076,1909f56bfc062723c751e8b465ee728b)  -> (artifact id: '03212e822a6545fd199a8f2144b6a778') in 0.025361 seconds 
========================================================================
Received Import Request.
  Time since last request: 0.000041 seconds.
  path: Assets/Tiles/sheet_214.asset
  artifactKey: Guid(671ff43dd5d51ce4aa7fae0af871fc00) Importer(815301076,1909f56bfc062723c751e8b465ee728b)
Start importing Assets/Tiles/sheet_214.asset using Guid(671ff43dd5d51ce4aa7fae0af871fc00) Importer(815301076,1909f56bfc062723c751e8b465ee728b)  -> (artifact id: '48874f12c8af4c832614101c0700f04e') in 0.028479 seconds 
========================================================================
Received Import Request.
  Time since last request: 0.000027 seconds.
  path: Assets/Tiles/sheet_143.asset
  artifactKey: Guid(d4aed035c81e10948a0e428abb5a6201) Importer(815301076,1909f56bfc062723c751e8b465ee728b)
Start importing Assets/Tiles/sheet_143.asset using Guid(d4aed035c81e10948a0e428abb5a6201) Importer(815301076,1909f56bfc062723c751e8b465ee728b)  -> (artifact id: '8139d3db4823a7daa80fc4fa64a518bf') in 0.026042 seconds 
========================================================================
Received Import Request.
  Time since last request: 0.000034 seconds.
  path: Assets/Tiles/sheet_27.asset
  artifactKey: Guid(f75883cf22ee5bc43aa1c502222c7cb8) Importer(815301076,1909f56bfc062723c751e8b465ee728b)
Start importing Assets/Tiles/sheet_27.asset using Guid(f75883cf22ee5bc43aa1c502222c7cb8) Importer(815301076,1909f56bfc062723c751e8b465ee728b)  -> (artifact id: 'a5dc80ef93aad4fc5143cd9b0c217e9c') in 0.024464 seconds 
========================================================================
Received Import Request.
  Time since last request: 0.000033 seconds.
  path: Assets/Tiles/sheet_193.asset
  artifactKey: Guid(2dfb333f6b3705f4cacebcf4c1ae6352) Importer(815301076,1909f56bfc062723c751e8b465ee728b)
Start importing Assets/Tiles/sheet_193.asset using Guid(2dfb333f6b3705f4cacebcf4c1ae6352) Importer(815301076,1909f56bfc062723c751e8b465ee728b)  -> (artifact id: 'bda8ed7708e2ca8ff44b5c3870ff27be') in 0.025653 seconds 
========================================================================
Received Import Request.
  Time since last request: 0.000033 seconds.
  path: Assets/Tiles/sheet_188.asset
  artifactKey: Guid(9b6c933ba5f80bb43a254fe2620f4f29) Importer(815301076,1909f56bfc062723c751e8b465ee728b)
Start importing Assets/Tiles/sheet_188.asset using Guid(9b6c933ba5f80bb43a254fe2620f4f29) Importer(815301076,1909f56bfc062723c751e8b465ee728b)  -> (artifact id: '82a0057cb461bd467b6615a57881ab55') in 0.025512 seconds 
========================================================================
Received Import Request.
  Time since last request: 0.000031 seconds.
  path: Assets/Tiles/sheet_189.asset
  artifactKey: Guid(564f4a4df805b794f8abd96142aa501c) Importer(815301076,1909f56bfc062723c751e8b465ee728b)
Start importing Assets/Tiles/sheet_189.asset using Guid(564f4a4df805b794f8abd96142aa501c) Importer(815301076,1909f56bfc062723c751e8b465ee728b)  -> (artifact id: 'f000a8ec8a471d59988ebcecdd756117') in 0.024335 seconds 
========================================================================
Received Import Request.
  Time since last request: 0.000038 seconds.
  path: Assets/Tiles/sheet_80.asset
  artifactKey: Guid(c160bd0a1c5a966439472111bcde7e59) Importer(815301076,1909f56bfc062723c751e8b465ee728b)
Start importing Assets/Tiles/sheet_80.asset using Guid(c160bd0a1c5a966439472111bcde7e59) Importer(815301076,1909f56bfc062723c751e8b465ee728b)  -> (artifact id: '1f011002fa3e5ccd501908a2715717ad') in 0.028031 seconds 
========================================================================
Received Import Request.
  Time since last request: 0.000070 seconds.
  path: Assets/Tiles/sheet_104.asset
  artifactKey: Guid(af1ef549d41dea54193ac9484e45aca7) Importer(815301076,1909f56bfc062723c751e8b465ee728b)
Start importing Assets/Tiles/sheet_104.asset using Guid(af1ef549d41dea54193ac9484e45aca7) Importer(815301076,1909f56bfc062723c751e8b465ee728b)  -> (artifact id: '8cfd66e13b87cf1050d2d0c478ff4d28') in 0.023976 seconds 
========================================================================
Received Import Request.
  Time since last request: 0.000034 seconds.
  path: Assets/Tiles/mainlevbuild_211.asset
  artifactKey: Guid(d1f56ea4cda7ab942bb59b90e00aeb0b) Importer(815301076,1909f56bfc062723c751e8b465ee728b)
Start importing Assets/Tiles/mainlevbuild_211.asset using Guid(d1f56ea4cda7ab942bb59b90e00aeb0b) Importer(815301076,1909f56bfc062723c751e8b465ee728b)  -> (artifact id: '385301b0ff8ba099d60615e642d8c605') in 0.028413 seconds 
========================================================================
Received Import Request.
  Time since last request: 0.000035 seconds.
  path: Assets/Tiles/Serene_Village_16x16_695.asset
  artifactKey: Guid(314e4556f8fb1fa43a7b4dd5e0d0ad42) Importer(815301076,1909f56bfc062723c751e8b465ee728b)
Start importing Assets/Tiles/Serene_Village_16x16_695.asset using Guid(314e4556f8fb1fa43a7b4dd5e0d0ad42) Importer(815301076,1909f56bfc062723c751e8b465ee728b)  -> (artifact id: '51ab1a9d83b9cc1879cb1beeccbdd323') in 0.030097 seconds 
========================================================================
Received Import Request.
  Time since last request: 0.000090 seconds.
  path: Assets/Tiles/sheet_54.asset
  artifactKey: Guid(b818e72e09891f740be81345d8e4e5d5) Importer(815301076,1909f56bfc062723c751e8b465ee728b)
Start importing Assets/Tiles/sheet_54.asset using Guid(b818e72e09891f740be81345d8e4e5d5) Importer(815301076,1909f56bfc062723c751e8b465ee728b)  -> (artifact id: '3b0d9e860675bbaa52b2e53c3791eb8f') in 0.032166 seconds 
========================================================================
Received Import Request.
  Time since last request: 0.000059 seconds.
  path: Assets/Tiles/Serene_Village_16x16_708.asset
  artifactKey: Guid(7bcb110a0eb2ec4439fd8b3aaae8c100) Importer(815301076,1909f56bfc062723c751e8b465ee728b)
Start importing Assets/Tiles/Serene_Village_16x16_708.asset using Guid(7bcb110a0eb2ec4439fd8b3aaae8c100) Importer(815301076,1909f56bfc062723c751e8b465ee728b)  -> (artifact id: '51d53ddba2f0d1d1473641d523261467') in 0.034611 seconds 
========================================================================
Received Import Request.
  Time since last request: 0.000050 seconds.
  path: Assets/Tiles/sheet_107.asset
  artifactKey: Guid(46eaa49396720094089d1c09ad65cbab) Importer(815301076,1909f56bfc062723c751e8b465ee728b)
Start importing Assets/Tiles/sheet_107.asset using Guid(46eaa49396720094089d1c09ad65cbab) Importer(815301076,1909f56bfc062723c751e8b465ee728b)  -> (artifact id: '1e690bd07a554fae575541d6345ede76') in 0.032988 seconds 
========================================================================
Received Import Request.
  Time since last request: 0.000048 seconds.
  path: Assets/Tiles/sheet_49.asset
  artifactKey: Guid(bfada7ccbef71c444ad3cc0a12e5dfd7) Importer(815301076,1909f56bfc062723c751e8b465ee728b)
Start importing Assets/Tiles/sheet_49.asset using Guid(bfada7ccbef71c444ad3cc0a12e5dfd7) Importer(815301076,1909f56bfc062723c751e8b465ee728b)  -> (artifact id: 'ccfd0ee2d765d9e47104fd6c221b5382') in 0.030683 seconds 
========================================================================
Received Import Request.
  Time since last request: 0.000038 seconds.
  path: Assets/Tiles/sheet_25.asset
  artifactKey: Guid(bc6c6982ddc2ebc418a5502d60cc895c) Importer(815301076,1909f56bfc062723c751e8b465ee728b)
Start importing Assets/Tiles/sheet_25.asset using Guid(bc6c6982ddc2ebc418a5502d60cc895c) Importer(815301076,1909f56bfc062723c751e8b465ee728b)  -> (artifact id: '957caaeb1219bed5369868002fc5be2d') in 0.028844 seconds 
========================================================================
Received Import Request.
  Time since last request: 0.000048 seconds.
  path: Assets/Tiles/Serene_Village_16x16_555.asset
  artifactKey: Guid(daa0c8de7a5efa645a6cf196316fd5f1) Importer(815301076,1909f56bfc062723c751e8b465ee728b)
Start importing Assets/Tiles/Serene_Village_16x16_555.asset using Guid(daa0c8de7a5efa645a6cf196316fd5f1) Importer(815301076,1909f56bfc062723c751e8b465ee728b)  -> (artifact id: '317ecf345e9b86f4bab7569d293ddb7f') in 0.031728 seconds 
========================================================================
Received Import Request.
  Time since last request: 0.000045 seconds.
  path: Assets/Tiles/sheet_162.asset
  artifactKey: Guid(df380608cb623124aae3679b58461a54) Importer(815301076,1909f56bfc062723c751e8b465ee728b)
Start importing Assets/Tiles/sheet_162.asset using Guid(df380608cb623124aae3679b58461a54) Importer(815301076,1909f56bfc062723c751e8b465ee728b)  -> (artifact id: 'c71fe80b88dc398a1e98695ee17694e6') in 0.031232 seconds 
========================================================================
Received Import Request.
  Time since last request: 0.000047 seconds.
  path: Assets/Tiles/Serene_Village_16x16_706.asset
  artifactKey: Guid(986deb9940cdd4b44b42c68875bb9213) Importer(815301076,1909f56bfc062723c751e8b465ee728b)
Start importing Assets/Tiles/Serene_Village_16x16_706.asset using Guid(986deb9940cdd4b44b42c68875bb9213) Importer(815301076,1909f56bfc062723c751e8b465ee728b)  -> (artifact id: 'c6cf5784aca40834c9e3ce35ec7bcb35') in 0.037423 seconds 
========================================================================
Received Import Request.
  Time since last request: 0.000078 seconds.
  path: Assets/Tiles/sheet_135.asset
  artifactKey: Guid(b90a36a381bc16a44a3a514d940c3a30) Importer(815301076,1909f56bfc062723c751e8b465ee728b)
Start importing Assets/Tiles/sheet_135.asset using Guid(b90a36a381bc16a44a3a514d940c3a30) Importer(815301076,1909f56bfc062723c751e8b465ee728b)  -> (artifact id: '940f837cd3af781ef2570f6a3f1e3a9a') in 0.035854 seconds 
========================================================================
Received Import Request.
  Time since last request: 0.000062 seconds.
  path: Assets/Tiles/Serene_Village_16x16_557.asset
  artifactKey: Guid(3e7e219eb17c8fd419a7b2ca2c42856d) Importer(815301076,1909f56bfc062723c751e8b465ee728b)
Start importing Assets/Tiles/Serene_Village_16x16_557.asset using Guid(3e7e219eb17c8fd419a7b2ca2c42856d) Importer(815301076,1909f56bfc062723c751e8b465ee728b)  -> (artifact id: '47ddfdd462b7271e77d53ccb263de01e') in 0.033396 seconds 
========================================================================
Received Import Request.
  Time since last request: 0.000045 seconds.
  path: Assets/Tiles/sheet_103.asset
  artifactKey: Guid(9d3ded549a5fb824084cf16a937d2d48) Importer(815301076,1909f56bfc062723c751e8b465ee728b)
Start importing Assets/Tiles/sheet_103.asset using Guid(9d3ded549a5fb824084cf16a937d2d48) Importer(815301076,1909f56bfc062723c751e8b465ee728b)  -> (artifact id: 'dcd900b7f0f4b7c23109591959ebc789') in 0.023777 seconds 
========================================================================
Received Import Request.
  Time since last request: 0.000033 seconds.
  path: Assets/Tiles/sheet_138.asset
  artifactKey: Guid(e8238d35f7e0b814081cad35e3365177) Importer(815301076,1909f56bfc062723c751e8b465ee728b)
Start importing Assets/Tiles/sheet_138.asset using Guid(e8238d35f7e0b814081cad35e3365177) Importer(815301076,1909f56bfc062723c751e8b465ee728b)  -> (artifact id: '63ec079d18c1a71934523ae8da95133e') in 0.022931 seconds 
========================================================================
Received Import Request.
  Time since last request: 0.000033 seconds.
  path: Assets/Tiles/Serene_Village_16x16_707.asset
  artifactKey: Guid(e61d33152eefe0344901c45ef892d652) Importer(815301076,1909f56bfc062723c751e8b465ee728b)
Start importing Assets/Tiles/Serene_Village_16x16_707.asset using Guid(e61d33152eefe0344901c45ef892d652) Importer(815301076,1909f56bfc062723c751e8b465ee728b)  -> (artifact id: '1dea296f2cfc1a90f34159f537bdc8bd') in 0.023795 seconds 
========================================================================
Received Import Request.
  Time since last request: 0.000028 seconds.
  path: Assets/Tiles/Serene_Village_16x16_690.asset
  artifactKey: Guid(2e98c9b404526ad459dd56de318e596c) Importer(815301076,1909f56bfc062723c751e8b465ee728b)
Start importing Assets/Tiles/Serene_Village_16x16_690.asset using Guid(2e98c9b404526ad459dd56de318e596c) Importer(815301076,1909f56bfc062723c751e8b465ee728b)  -> (artifact id: '8f11896ba4b3e83a2d1d38c4615e109b') in 0.027171 seconds 
========================================================================
Received Import Request.
  Time since last request: 0.000032 seconds.
  path: Assets/Tiles/sheet_133.asset
  artifactKey: Guid(0825755753a822f47a11d69ddcebf7c7) Importer(815301076,1909f56bfc062723c751e8b465ee728b)
Start importing Assets/Tiles/sheet_133.asset using Guid(0825755753a822f47a11d69ddcebf7c7) Importer(815301076,1909f56bfc062723c751e8b465ee728b)  -> (artifact id: 'ca551bfca727e5884a0953fd9236ad6a') in 0.022840 seconds 
========================================================================
Received Import Request.
  Time since last request: 0.000032 seconds.
  path: Assets/Tiles/sheet_230.asset
  artifactKey: Guid(cc8d08596937f904aa77a13bc5640ece) Importer(815301076,1909f56bfc062723c751e8b465ee728b)
Start importing Assets/Tiles/sheet_230.asset using Guid(cc8d08596937f904aa77a13bc5640ece) Importer(815301076,1909f56bfc062723c751e8b465ee728b)  -> (artifact id: '1f60520a73724d521d90710335d5e193') in 0.023214 seconds 
========================================================================
Received Import Request.
  Time since last request: 0.000063 seconds.
  path: Assets/Tiles/sheet_136.asset
  artifactKey: Guid(6f4eac0e29442754bba91872f44d1e3e) Importer(815301076,1909f56bfc062723c751e8b465ee728b)
Start importing Assets/Tiles/sheet_136.asset using Guid(6f4eac0e29442754bba91872f44d1e3e) Importer(815301076,1909f56bfc062723c751e8b465ee728b)  -> (artifact id: '771e58e561748ffd6c97f3e7e59ad08b') in 0.026229 seconds 
========================================================================
Received Import Request.
  Time since last request: 0.000111 seconds.
  path: Assets/Tiles/sheet_78.asset
  artifactKey: Guid(25dfbe2d36f271d48843141ebd9bceb2) Importer(815301076,1909f56bfc062723c751e8b465ee728b)
Start importing Assets/Tiles/sheet_78.asset using Guid(25dfbe2d36f271d48843141ebd9bceb2) Importer(815301076,1909f56bfc062723c751e8b465ee728b)  -> (artifact id: '594bfb8366d496580dd6776a1ac84b61') in 0.021178 seconds 
========================================================================
Received Import Request.
  Time since last request: 0.000066 seconds.
  path: Assets/Tiles/sheet_69.asset
  artifactKey: Guid(5814b1ce3fb5d82469a14e5bccd1dbd0) Importer(815301076,1909f56bfc062723c751e8b465ee728b)
Start importing Assets/Tiles/sheet_69.asset using Guid(5814b1ce3fb5d82469a14e5bccd1dbd0) Importer(815301076,1909f56bfc062723c751e8b465ee728b)  -> (artifact id: '4ecd026bdb445140e55e0f7dc6d68bbb') in 0.024327 seconds 
========================================================================
Received Import Request.
  Time since last request: 0.000033 seconds.
  path: Assets/Tiles/sheet_79.asset
  artifactKey: Guid(3c35839a070f9444a88c10781b9709be) Importer(815301076,1909f56bfc062723c751e8b465ee728b)
Start importing Assets/Tiles/sheet_79.asset using Guid(3c35839a070f9444a88c10781b9709be) Importer(815301076,1909f56bfc062723c751e8b465ee728b)  -> (artifact id: '2bcf172688d52005a2409f119837b1a3') in 0.022419 seconds 
========================================================================
Received Import Request.
  Time since last request: 0.000029 seconds.
  path: Assets/Tiles/mainlevbuild_943.asset
  artifactKey: Guid(154fb78464bbbd34086de14e1765c7fd) Importer(815301076,1909f56bfc062723c751e8b465ee728b)
Start importing Assets/Tiles/mainlevbuild_943.asset using Guid(154fb78464bbbd34086de14e1765c7fd) Importer(815301076,1909f56bfc062723c751e8b465ee728b)  -> (artifact id: 'c12ddee9db6a4195c09e3e839d34b488') in 0.029215 seconds 
========================================================================
Received Import Request.
  Time since last request: 0.000043 seconds.
  path: Assets/Tiles/sheet_56.asset
  artifactKey: Guid(424fa9391ca8d964588901c66217e312) Importer(815301076,1909f56bfc062723c751e8b465ee728b)
Start importing Assets/Tiles/sheet_56.asset using Guid(424fa9391ca8d964588901c66217e312) Importer(815301076,1909f56bfc062723c751e8b465ee728b)  -> (artifact id: 'a0f17c24d242ffac5e9f5307ffd362e5') in 0.024727 seconds 
========================================================================
Received Import Request.
  Time since last request: 0.000034 seconds.
  path: Assets/Tiles/mainlevbuild_210.asset
  artifactKey: Guid(15f22b921b6bd714bb5d598e1428c106) Importer(815301076,1909f56bfc062723c751e8b465ee728b)
Start importing Assets/Tiles/mainlevbuild_210.asset using Guid(15f22b921b6bd714bb5d598e1428c106) Importer(815301076,1909f56bfc062723c751e8b465ee728b)  -> (artifact id: '3fa6acd67f1b5176ba9bca5eba7bad4a') in 0.027409 seconds 
========================================================================
Received Import Request.
  Time since last request: 0.000068 seconds.
  path: Assets/Tiles/sheet_110.asset
  artifactKey: Guid(4f0c4d50c9b54a441908f300e02e82db) Importer(815301076,1909f56bfc062723c751e8b465ee728b)
Start importing Assets/Tiles/sheet_110.asset using Guid(4f0c4d50c9b54a441908f300e02e82db) Importer(815301076,1909f56bfc062723c751e8b465ee728b)  -> (artifact id: '80f0913051918c571d98c487de9dd0d6') in 0.026154 seconds 
========================================================================
Received Import Request.
  Time since last request: 0.000025 seconds.
  path: Assets/Tiles/sheet_160.asset
  artifactKey: Guid(82632f9789a93464f920ab4c4df584da) Importer(815301076,1909f56bfc062723c751e8b465ee728b)
Start importing Assets/Tiles/sheet_160.asset using Guid(82632f9789a93464f920ab4c4df584da) Importer(815301076,1909f56bfc062723c751e8b465ee728b)  -> (artifact id: 'a63942f3948932fff504ec81e602cdb9') in 0.025995 seconds 
========================================================================
Received Import Request.
  Time since last request: 0.000031 seconds.
  path: Assets/Tiles/mainlevbuild_948.asset
  artifactKey: Guid(9c4e6eeffdc0e00459f85c0044db94c0) Importer(815301076,1909f56bfc062723c751e8b465ee728b)
Start importing Assets/Tiles/mainlevbuild_948.asset using Guid(9c4e6eeffdc0e00459f85c0044db94c0) Importer(815301076,1909f56bfc062723c751e8b465ee728b)  -> (artifact id: '6360f6c9f768be4169e780d9034241ae') in 0.029519 seconds 
========================================================================
Received Import Request.
  Time since last request: 0.000028 seconds.
  path: Assets/Tiles/sheet_120.asset
  artifactKey: Guid(a126f701ec02462428cec27721550c7b) Importer(815301076,1909f56bfc062723c751e8b465ee728b)
Start importing Assets/Tiles/sheet_120.asset using Guid(a126f701ec02462428cec27721550c7b) Importer(815301076,1909f56bfc062723c751e8b465ee728b)  -> (artifact id: 'f120b204768bcc6519db045439f6b507') in 0.023151 seconds 
========================================================================
Received Import Request.
  Time since last request: 0.000039 seconds.
  path: Assets/Tiles/sheet_52.asset
  artifactKey: Guid(cc75600e9fbed844ab6a27eb4d1f5826) Importer(815301076,1909f56bfc062723c751e8b465ee728b)
Start importing Assets/Tiles/sheet_52.asset using Guid(cc75600e9fbed844ab6a27eb4d1f5826) Importer(815301076,1909f56bfc062723c751e8b465ee728b)  -> (artifact id: 'c3d746b277f856d4e176ea76a2d8cbb5') in 0.026782 seconds 
========================================================================
Received Import Request.
  Time since last request: 0.000036 seconds.
  path: Assets/Tiles/mainlevbuild_214.asset
  artifactKey: Guid(84e1346cc62da614fba4e6ab4a88825e) Importer(815301076,1909f56bfc062723c751e8b465ee728b)
Start importing Assets/Tiles/mainlevbuild_214.asset using Guid(84e1346cc62da614fba4e6ab4a88825e) Importer(815301076,1909f56bfc062723c751e8b465ee728b)  -> (artifact id: '5dbce358a64aca6008e3149fd9cd9bee') in 0.027557 seconds 
========================================================================
Received Import Request.
  Time since last request: 0.000040 seconds.
  path: Assets/Tiles/sheet_187.asset
  artifactKey: Guid(01715c8a125dcd24b80c4efddb05dd22) Importer(815301076,1909f56bfc062723c751e8b465ee728b)
Start importing Assets/Tiles/sheet_187.asset using Guid(01715c8a125dcd24b80c4efddb05dd22) Importer(815301076,1909f56bfc062723c751e8b465ee728b)  -> (artifact id: 'af884d8f41c22560e0f7266b39599c20') in 0.021720 seconds 
========================================================================
Received Import Request.
  Time since last request: 0.000038 seconds.
  path: Assets/Tiles/sheet_231.asset
  artifactKey: Guid(9faf4ac4d079590478c7e82270d930b3) Importer(815301076,1909f56bfc062723c751e8b465ee728b)
Start importing Assets/Tiles/sheet_231.asset using Guid(9faf4ac4d079590478c7e82270d930b3) Importer(815301076,1909f56bfc062723c751e8b465ee728b)  -> (artifact id: 'e96ebb331c68113eeb35c481c005cecc') in 0.024282 seconds 
========================================================================
Received Import Request.
  Time since last request: 0.000036 seconds.
  path: Assets/Tiles/sheet_75.asset
  artifactKey: Guid(fefd7d675d5944d45b97f053768b1469) Importer(815301076,1909f56bfc062723c751e8b465ee728b)
Start importing Assets/Tiles/sheet_75.asset using Guid(fefd7d675d5944d45b97f053768b1469) Importer(815301076,1909f56bfc062723c751e8b465ee728b)  -> (artifact id: '67634951ebdd4466ce83fbc841b55653') in 0.020293 seconds 
========================================================================
Received Import Request.
  Time since last request: 0.000042 seconds.
  path: Assets/Tiles/mainlevbuild_942.asset
  artifactKey: Guid(dcdd70313fea98a44ad2dc78036fef8f) Importer(815301076,1909f56bfc062723c751e8b465ee728b)
Start importing Assets/Tiles/mainlevbuild_942.asset using Guid(dcdd70313fea98a44ad2dc78036fef8f) Importer(815301076,1909f56bfc062723c751e8b465ee728b)  -> (artifact id: '95dbff8e54fce288f8ce1637a35d48ba') in 0.029851 seconds 
========================================================================
Received Import Request.
  Time since last request: 0.000040 seconds.
  path: Assets/Tiles/Serene_Village_16x16_722.asset
  artifactKey: Guid(c46819faf260d8e4b920634cc33e5388) Importer(815301076,1909f56bfc062723c751e8b465ee728b)
Start importing Assets/Tiles/Serene_Village_16x16_722.asset using Guid(c46819faf260d8e4b920634cc33e5388) Importer(815301076,1909f56bfc062723c751e8b465ee728b)  -> (artifact id: 'a77d300adfd5955746e32973cca307fc') in 0.025938 seconds 
========================================================================
Received Import Request.
  Time since last request: 0.000035 seconds.
  path: Assets/Tiles/sheet_70.asset
  artifactKey: Guid(1f93bdc2203b9d440867b326a5754cbc) Importer(815301076,1909f56bfc062723c751e8b465ee728b)
Start importing Assets/Tiles/sheet_70.asset using Guid(1f93bdc2203b9d440867b326a5754cbc) Importer(815301076,1909f56bfc062723c751e8b465ee728b)  -> (artifact id: 'ab6d20230ea0487464aa722c7213383c') in 0.019386 seconds 
========================================================================
Received Import Request.
  Time since last request: 0.000025 seconds.
  path: Assets/Tiles/mainlevbuild_941.asset
  artifactKey: Guid(2074e8608592c1243a402e758f9d3d23) Importer(815301076,1909f56bfc062723c751e8b465ee728b)
Start importing Assets/Tiles/mainlevbuild_941.asset using Guid(2074e8608592c1243a402e758f9d3d23) Importer(815301076,1909f56bfc062723c751e8b465ee728b)  -> (artifact id: '4dd5d74b6b967259d38f4f39e31f9850') in 0.024985 seconds 
========================================================================
Received Import Request.
  Time since last request: 0.000036 seconds.
  path: Assets/Tiles/sheet_64.asset
  artifactKey: Guid(91a1658d85c7fa740ae2d1228691b153) Importer(815301076,1909f56bfc062723c751e8b465ee728b)
Start importing Assets/Tiles/sheet_64.asset using Guid(91a1658d85c7fa740ae2d1228691b153) Importer(815301076,1909f56bfc062723c751e8b465ee728b)  -> (artifact id: '5e9d7fb2053d30ce8269366c5c28da50') in 0.023167 seconds 
========================================================================
Received Import Request.
  Time since last request: 0.000037 seconds.
  path: Assets/Tiles/sheet_111.asset
  artifactKey: Guid(3b322dbdea369a64a8e88ced212fcc38) Importer(815301076,1909f56bfc062723c751e8b465ee728b)
Start importing Assets/Tiles/sheet_111.asset using Guid(3b322dbdea369a64a8e88ced212fcc38) Importer(815301076,1909f56bfc062723c751e8b465ee728b)  -> (artifact id: 'e1dc6f1d85d8be11e0eed90dd3b8d3d8') in 0.024541 seconds 
========================================================================
Received Import Request.
  Time since last request: 0.000029 seconds.
  path: Assets/TextMesh Pro/Sprites
  artifactKey: Guid(d0603b6d5186471b96c778c3949c7ce2) Importer(815301076,1909f56bfc062723c751e8b465ee728b)
Start importing Assets/TextMesh Pro/Sprites using Guid(d0603b6d5186471b96c778c3949c7ce2) Importer(815301076,1909f56bfc062723c751e8b465ee728b)  -> (artifact id: 'cd92aab8fadfebf3efce251818af85a0') in 0.028208 seconds 
========================================================================
Received Import Request.
  Time since last request: 0.000031 seconds.
  path: Assets/Tiles/sheet_67.asset
  artifactKey: Guid(a25df035e4f2dd44e82cab3d1e393a37) Importer(815301076,1909f56bfc062723c751e8b465ee728b)
Start importing Assets/Tiles/sheet_67.asset using Guid(a25df035e4f2dd44e82cab3d1e393a37) Importer(815301076,1909f56bfc062723c751e8b465ee728b)  -> (artifact id: '3c90d81885fc9b389212bc9eed49865d') in 0.023805 seconds 
========================================================================
Received Import Request.
  Time since last request: 0.000041 seconds.
  path: Assets/Tiles/sheet_232.asset
  artifactKey: Guid(eb122d3996cf11e40b1eba13af384532) Importer(815301076,1909f56bfc062723c751e8b465ee728b)
Start importing Assets/Tiles/sheet_232.asset using Guid(eb122d3996cf11e40b1eba13af384532) Importer(815301076,1909f56bfc062723c751e8b465ee728b)  -> (artifact id: '5c7ec0f926752937a9e480a9f653050d') in 0.023729 seconds 
========================================================================
Received Import Request.
  Time since last request: 0.000036 seconds.
  path: Assets/Tiles/sheet_137.asset
  artifactKey: Guid(129055283f749314d819610fad220053) Importer(815301076,1909f56bfc062723c751e8b465ee728b)
Start importing Assets/Tiles/sheet_137.asset using Guid(129055283f749314d819610fad220053) Importer(815301076,1909f56bfc062723c751e8b465ee728b)  -> (artifact id: '6e916631a44b29365199ba23b2576b67') in 0.021070 seconds 
========================================================================
Received Import Request.
  Time since last request: 0.000031 seconds.
  path: Assets/Tiles/sheet_76.asset
  artifactKey: Guid(e9cb0da7d91546049ae53efca2c2bac6) Importer(815301076,1909f56bfc062723c751e8b465ee728b)
Start importing Assets/Tiles/sheet_76.asset using Guid(e9cb0da7d91546049ae53efca2c2bac6) Importer(815301076,1909f56bfc062723c751e8b465ee728b)  -> (artifact id: 'f2a8bbf503904107175487dead65d7e1') in 0.022802 seconds 
========================================================================
Received Import Request.
  Time since last request: 0.000043 seconds.
  path: Assets/Tiles/sheet_81.asset
  artifactKey: Guid(8f4fa08a8bccaad4ba12142207381e83) Importer(815301076,1909f56bfc062723c751e8b465ee728b)
Start importing Assets/Tiles/sheet_81.asset using Guid(8f4fa08a8bccaad4ba12142207381e83) Importer(815301076,1909f56bfc062723c751e8b465ee728b)  -> (artifact id: '2e443ea471ab30b04c35d79a7f2418c4') in 0.023923 seconds 
========================================================================
Received Import Request.
  Time since last request: 0.000041 seconds.
  path: Assets/Tiles/sheet_29.asset
  artifactKey: Guid(435d79c94e81a0d4bad29218dc4c2e77) Importer(815301076,1909f56bfc062723c751e8b465ee728b)
Start importing Assets/Tiles/sheet_29.asset using Guid(435d79c94e81a0d4bad29218dc4c2e77) Importer(815301076,1909f56bfc062723c751e8b465ee728b)  -> (artifact id: '6414b08464000f7655da03ad77b97c7e') in 0.024172 seconds 
========================================================================
Received Import Request.
  Time since last request: 0.000060 seconds.
  path: Assets/Tiles/sheet_28.asset
  artifactKey: Guid(c333d2c7f300ea64bb0f99a4367402f5) Importer(815301076,1909f56bfc062723c751e8b465ee728b)
Start importing Assets/Tiles/sheet_28.asset using Guid(c333d2c7f300ea64bb0f99a4367402f5) Importer(815301076,1909f56bfc062723c751e8b465ee728b)  -> (artifact id: 'bc33d8ecb29e71f3bd83b7d40161273f') in 0.021326 seconds 
========================================================================
Received Import Request.
  Time since last request: 0.000043 seconds.
  path: Assets/Tiles/Serene_Village_16x16_556.asset
  artifactKey: Guid(2148b430ee0c1ce419223719ccc0fd6c) Importer(815301076,1909f56bfc062723c751e8b465ee728b)
Start importing Assets/Tiles/Serene_Village_16x16_556.asset using Guid(2148b430ee0c1ce419223719ccc0fd6c) Importer(815301076,1909f56bfc062723c751e8b465ee728b)  -> (artifact id: 'f8b4e94dbd71fd41e3a58e76f73668b8') in 0.025957 seconds 
========================================================================
Received Import Request.
  Time since last request: 0.000028 seconds.
  path: Assets/Tiles/mainlevbuild_215.asset
  artifactKey: Guid(cb36bb918136ec74ba3cbdcda7ba2264) Importer(815301076,1909f56bfc062723c751e8b465ee728b)
Start importing Assets/Tiles/mainlevbuild_215.asset using Guid(cb36bb918136ec74ba3cbdcda7ba2264) Importer(815301076,1909f56bfc062723c751e8b465ee728b)  -> (artifact id: '681c72d1efcf608ba3009c5c6c9e57b7') in 0.024612 seconds 
========================================================================
Received Import Request.
  Time since last request: 0.000032 seconds.
  path: Assets/Tiles/sheet_215.asset
  artifactKey: Guid(74f4da82f2cc7dc489f1aae99d93af75) Importer(815301076,1909f56bfc062723c751e8b465ee728b)
Start importing Assets/Tiles/sheet_215.asset using Guid(74f4da82f2cc7dc489f1aae99d93af75) Importer(815301076,1909f56bfc062723c751e8b465ee728b)  -> (artifact id: '7e9d57dbed8f3148d14d6b45f39bdee1') in 0.019694 seconds 
========================================================================
Received Prepare
Refreshing native plugins compatible for Editor in 8.74 ms, found 6 plugins.
Preloading 0 native plugins for Editor in 0.00 ms.
Unloading 30 Unused Serialized files (Serialized files now loaded: 0)
Unloading 31 unused Assets / (94.4 KB). Loaded Objects now: 5327.
Memory consumption went from 106.9 MB to 106.8 MB.
Total: 4.699600 ms (FindLiveObjects: 0.535200 ms CreateObjectMapping: 0.187400 ms MarkObjects: 3.906200 ms  DeleteObjects: 0.069600 ms)

AssetImportParameters requested are different than current active one (requested -> active):
  custom:video-decoder-ogg-theora: a1e56fd34408186e4bbccfd4996cb3dc -> 
  custom:container-muxer-webm: aa71ff27fc2769a1b78a27578f13a17b -> 
  custom:container-demuxer-webm: 4f35f7cbe854078d1ac9338744f61a02 -> 
  custom:video-encoder-webm-vp8: eb34c28f22e8b96e1ab97ce403110664 -> 
  custom:audio-encoder-webm-vorbis: bf7c407c2cedff20999df2af8eb42d56 -> 
  custom:framework-win-MediaFoundation: 216162199b28c13a410421893ffa2e32 -> 
  custom:container-demuxer-ogg: 62fdf1f143b41e24485cea50d1cbac27 -> 
  custom:video-decoder-webm-vp8: 9c59270c3fd7afecdb556c50c9e8de78 -> 
  custom:audio-decoder-ogg-vorbis: bf7c407c2cedff20999df2af8eb42d56 -> 
========================================================================
Received Prepare
Registering precompiled user dll's ...
Registered in 0.005393 seconds.
Begin MonoManager ReloadAssembly
Symbol file LoadedFromMemory doesn't match image D:\Soul Knight\Library\PackageCache\com.unity.visualscripting@1.7.8\Editor\VisualScripting.Core\Dependencies\YamlDotNet\Unity.VisualScripting.YamlDotNet.dll
Symbol file LoadedFromMemory doesn't match image D:\Soul Knight\Library\PackageCache\com.unity.visualscripting@1.7.8\Editor\VisualScripting.Core\Dependencies\DotNetZip\Unity.VisualScripting.IonicZip.dll
Native extension for WindowsStandalone target not found
Refreshing native plugins compatible for Editor in 2.42 ms, found 6 plugins.
Preloading 0 native plugins for Editor in 0.00 ms.
Mono: successfully reloaded assembly
- Completed reload, in  1.389 seconds
Domain Reload Profiling:
	ReloadAssembly (1390ms)
		BeginReloadAssembly (168ms)
			ExecutionOrderSort (0ms)
			DisableScriptedObjects (6ms)
			BackupInstance (0ms)
			ReleaseScriptingObjects (0ms)
			CreateAndSetChildDomain (56ms)
		EndReloadAssembly (1087ms)
			LoadAssemblies (117ms)
			RebuildTransferFunctionScriptingTraits (0ms)
			SetupTypeCache (337ms)
				TypeCache.Initialize (327ms)
					TypeCache.ScanAssembly (316ms)
				ResolveRequiredComponents (10ms)
			ReleaseScriptCaches (2ms)
			RebuildScriptCaches (65ms)
			SetupLoadedEditorAssemblies (491ms)
				LogAssemblyErrors (0ms)
				InitializePlatformSupportModulesInManaged (15ms)
				SetLoadedEditorAssemblies (11ms)
				RefreshPlugins (3ms)
				BeforeProcessingInitializeOnLoad (86ms)
				ProcessInitializeOnLoadAttributes (331ms)
				ProcessInitializeOnLoadMethodAttributes (41ms)
				AfterProcessingInitializeOnLoad (3ms)
				EditorAssembliesLoaded (0ms)
			ExecutionOrderSort2 (0ms)
			AwakeInstancesAfterBackupRestoration (11ms)
Platform modules already initialized, skipping
Refreshing native plugins compatible for Editor in 3.70 ms, found 6 plugins.
Preloading 0 native plugins for Editor in 0.00 ms.
Unloading 4822 Unused Serialized files (Serialized files now loaded: 0)
Unloading 31 unused Assets / (103.2 KB). Loaded Objects now: 5342.
Memory consumption went from 0.74 GB to 0.74 GB.
Total: 4.235200 ms (FindLiveObjects: 0.463900 ms CreateObjectMapping: 0.149500 ms MarkObjects: 3.556200 ms  DeleteObjects: 0.064200 ms)

AssetImportParameters requested are different than current active one (requested -> active):
  custom:video-decoder-ogg-theora: a1e56fd34408186e4bbccfd4996cb3dc -> 
  custom:container-muxer-webm: aa71ff27fc2769a1b78a27578f13a17b -> 
  custom:container-demuxer-webm: 4f35f7cbe854078d1ac9338744f61a02 -> 
  custom:video-encoder-webm-vp8: eb34c28f22e8b96e1ab97ce403110664 -> 
  custom:audio-encoder-webm-vorbis: bf7c407c2cedff20999df2af8eb42d56 -> 
  custom:framework-win-MediaFoundation: 216162199b28c13a410421893ffa2e32 -> 
  custom:container-demuxer-ogg: 62fdf1f143b41e24485cea50d1cbac27 -> 
  custom:video-decoder-webm-vp8: 9c59270c3fd7afecdb556c50c9e8de78 -> 
  custom:audio-decoder-ogg-vorbis: bf7c407c2cedff20999df2af8eb42d56 -> 
========================================================================
Received Prepare
Refreshing native plugins compatible for Editor in 6.26 ms, found 6 plugins.
Preloading 0 native plugins for Editor in 0.00 ms.
Unloading 31 Unused Serialized files (Serialized files now loaded: 0)
Unloading 31 unused Assets / (101.5 KB). Loaded Objects now: 5342.
Memory consumption went from 107.0 MB to 106.9 MB.
Total: 3.886000 ms (FindLiveObjects: 0.398100 ms CreateObjectMapping: 0.135300 ms MarkObjects: 3.268400 ms  DeleteObjects: 0.083100 ms)

AssetImportParameters requested are different than current active one (requested -> active):
  custom:video-decoder-ogg-theora: a1e56fd34408186e4bbccfd4996cb3dc -> 
  custom:container-muxer-webm: aa71ff27fc2769a1b78a27578f13a17b -> 
  custom:container-demuxer-webm: 4f35f7cbe854078d1ac9338744f61a02 -> 
  custom:video-encoder-webm-vp8: eb34c28f22e8b96e1ab97ce403110664 -> 
  custom:audio-encoder-webm-vorbis: bf7c407c2cedff20999df2af8eb42d56 -> 
  custom:framework-win-MediaFoundation: 216162199b28c13a410421893ffa2e32 -> 
  custom:container-demuxer-ogg: 62fdf1f143b41e24485cea50d1cbac27 -> 
  custom:video-decoder-webm-vp8: 9c59270c3fd7afecdb556c50c9e8de78 -> 
  custom:audio-decoder-ogg-vorbis: bf7c407c2cedff20999df2af8eb42d56 -> 
========================================================================
Received Prepare
Registering precompiled user dll's ...
Registered in 0.004852 seconds.
Begin MonoManager ReloadAssembly
Symbol file LoadedFromMemory doesn't match image D:\Soul Knight\Library\PackageCache\com.unity.visualscripting@1.7.8\Editor\VisualScripting.Core\Dependencies\YamlDotNet\Unity.VisualScripting.YamlDotNet.dll
Symbol file LoadedFromMemory doesn't match image D:\Soul Knight\Library\PackageCache\com.unity.visualscripting@1.7.8\Editor\VisualScripting.Core\Dependencies\DotNetZip\Unity.VisualScripting.IonicZip.dll
Native extension for WindowsStandalone target not found
Refreshing native plugins compatible for Editor in 1.54 ms, found 6 plugins.
Preloading 0 native plugins for Editor in 0.00 ms.
Mono: successfully reloaded assembly
- Completed reload, in  1.350 seconds
Domain Reload Profiling:
	ReloadAssembly (1351ms)
		BeginReloadAssembly (172ms)
			ExecutionOrderSort (0ms)
			DisableScriptedObjects (10ms)
			BackupInstance (0ms)
			ReleaseScriptingObjects (0ms)
			CreateAndSetChildDomain (59ms)
		EndReloadAssembly (1068ms)
			LoadAssemblies (118ms)
			RebuildTransferFunctionScriptingTraits (0ms)
			SetupTypeCache (324ms)
				TypeCache.Initialize (316ms)
					TypeCache.ScanAssembly (308ms)
				ResolveRequiredComponents (8ms)
			ReleaseScriptCaches (2ms)
			RebuildScriptCaches (65ms)
			SetupLoadedEditorAssemblies (487ms)
				LogAssemblyErrors (0ms)
				InitializePlatformSupportModulesInManaged (12ms)
				SetLoadedEditorAssemblies (11ms)
				RefreshPlugins (2ms)
				BeforeProcessingInitializeOnLoad (82ms)
				ProcessInitializeOnLoadAttributes (333ms)
				ProcessInitializeOnLoadMethodAttributes (44ms)
				AfterProcessingInitializeOnLoad (3ms)
				EditorAssembliesLoaded (0ms)
			ExecutionOrderSort2 (0ms)
			AwakeInstancesAfterBackupRestoration (9ms)
Platform modules already initialized, skipping
Refreshing native plugins compatible for Editor in 3.30 ms, found 6 plugins.
Preloading 0 native plugins for Editor in 0.00 ms.
Unloading 4822 Unused Serialized files (Serialized files now loaded: 0)
Unloading 31 unused Assets / (103.3 KB). Loaded Objects now: 5357.
Memory consumption went from 0.74 GB to 0.74 GB.
Total: 4.714400 ms (FindLiveObjects: 0.483200 ms CreateObjectMapping: 0.192600 ms MarkObjects: 3.970300 ms  DeleteObjects: 0.066200 ms)

AssetImportParameters requested are different than current active one (requested -> active):
  custom:video-decoder-ogg-theora: a1e56fd34408186e4bbccfd4996cb3dc -> 
  custom:container-muxer-webm: aa71ff27fc2769a1b78a27578f13a17b -> 
  custom:container-demuxer-webm: 4f35f7cbe854078d1ac9338744f61a02 -> 
  custom:video-encoder-webm-vp8: eb34c28f22e8b96e1ab97ce403110664 -> 
  custom:audio-encoder-webm-vorbis: bf7c407c2cedff20999df2af8eb42d56 -> 
  custom:framework-win-MediaFoundation: 216162199b28c13a410421893ffa2e32 -> 
  custom:container-demuxer-ogg: 62fdf1f143b41e24485cea50d1cbac27 -> 
  custom:video-decoder-webm-vp8: 9c59270c3fd7afecdb556c50c9e8de78 -> 
  custom:audio-decoder-ogg-vorbis: bf7c407c2cedff20999df2af8eb42d56 -> 
========================================================================
Received Prepare
Refreshing native plugins compatible for Editor in 7.38 ms, found 6 plugins.
Preloading 0 native plugins for Editor in 0.00 ms.
Unloading 31 Unused Serialized files (Serialized files now loaded: 0)
Unloading 31 unused Assets / (101.5 KB). Loaded Objects now: 5357.
Memory consumption went from 107.1 MB to 107.0 MB.
Total: 4.203700 ms (FindLiveObjects: 0.435500 ms CreateObjectMapping: 0.151800 ms MarkObjects: 3.555500 ms  DeleteObjects: 0.059400 ms)

AssetImportParameters requested are different than current active one (requested -> active):
  custom:video-decoder-ogg-theora: a1e56fd34408186e4bbccfd4996cb3dc -> 
  custom:container-muxer-webm: aa71ff27fc2769a1b78a27578f13a17b -> 
  custom:container-demuxer-webm: 4f35f7cbe854078d1ac9338744f61a02 -> 
  custom:video-encoder-webm-vp8: eb34c28f22e8b96e1ab97ce403110664 -> 
  custom:audio-encoder-webm-vorbis: bf7c407c2cedff20999df2af8eb42d56 -> 
  custom:framework-win-MediaFoundation: 216162199b28c13a410421893ffa2e32 -> 
  custom:container-demuxer-ogg: 62fdf1f143b41e24485cea50d1cbac27 -> 
  custom:video-decoder-webm-vp8: 9c59270c3fd7afecdb556c50c9e8de78 -> 
  custom:audio-decoder-ogg-vorbis: bf7c407c2cedff20999df2af8eb42d56 -> 
========================================================================
Received Prepare
Registering precompiled user dll's ...
Registered in 0.004565 seconds.
Begin MonoManager ReloadAssembly
Symbol file LoadedFromMemory doesn't match image D:\Soul Knight\Library\PackageCache\com.unity.visualscripting@1.7.8\Editor\VisualScripting.Core\Dependencies\YamlDotNet\Unity.VisualScripting.YamlDotNet.dll
Symbol file LoadedFromMemory doesn't match image D:\Soul Knight\Library\PackageCache\com.unity.visualscripting@1.7.8\Editor\VisualScripting.Core\Dependencies\DotNetZip\Unity.VisualScripting.IonicZip.dll
Native extension for WindowsStandalone target not found
Refreshing native plugins compatible for Editor in 1.60 ms, found 6 plugins.
Preloading 0 native plugins for Editor in 0.00 ms.
Mono: successfully reloaded assembly
- Completed reload, in  1.272 seconds
Domain Reload Profiling:
	ReloadAssembly (1273ms)
		BeginReloadAssembly (135ms)
			ExecutionOrderSort (0ms)
			DisableScriptedObjects (6ms)
			BackupInstance (0ms)
			ReleaseScriptingObjects (0ms)
			CreateAndSetChildDomain (49ms)
		EndReloadAssembly (1041ms)
			LoadAssemblies (82ms)
			RebuildTransferFunctionScriptingTraits (0ms)
			SetupTypeCache (288ms)
				TypeCache.Initialize (279ms)
					TypeCache.ScanAssembly (272ms)
				ResolveRequiredComponents (9ms)
			ReleaseScriptCaches (3ms)
			RebuildScriptCaches (71ms)
			SetupLoadedEditorAssemblies (506ms)
				LogAssemblyErrors (0ms)
				InitializePlatformSupportModulesInManaged (15ms)
				SetLoadedEditorAssemblies (9ms)
				RefreshPlugins (2ms)
				BeforeProcessingInitializeOnLoad (89ms)
				ProcessInitializeOnLoadAttributes (342ms)
				ProcessInitializeOnLoadMethodAttributes (46ms)
				AfterProcessingInitializeOnLoad (3ms)
				EditorAssembliesLoaded (0ms)
			ExecutionOrderSort2 (0ms)
			AwakeInstancesAfterBackupRestoration (10ms)
Platform modules already initialized, skipping
Refreshing native plugins compatible for Editor in 5.01 ms, found 6 plugins.
Preloading 0 native plugins for Editor in 0.00 ms.
Unloading 4822 Unused Serialized files (Serialized files now loaded: 0)
Unloading 31 unused Assets / (103.2 KB). Loaded Objects now: 5372.
Memory consumption went from 0.74 GB to 0.74 GB.
Total: 6.548700 ms (FindLiveObjects: 0.777400 ms CreateObjectMapping: 0.423200 ms MarkObjects: 5.244800 ms  DeleteObjects: 0.100700 ms)

AssetImportParameters requested are different than current active one (requested -> active):
  custom:video-decoder-ogg-theora: a1e56fd34408186e4bbccfd4996cb3dc -> 
  custom:container-muxer-webm: aa71ff27fc2769a1b78a27578f13a17b -> 
  custom:container-demuxer-webm: 4f35f7cbe854078d1ac9338744f61a02 -> 
  custom:video-encoder-webm-vp8: eb34c28f22e8b96e1ab97ce403110664 -> 
  custom:audio-encoder-webm-vorbis: bf7c407c2cedff20999df2af8eb42d56 -> 
  custom:framework-win-MediaFoundation: 216162199b28c13a410421893ffa2e32 -> 
  custom:container-demuxer-ogg: 62fdf1f143b41e24485cea50d1cbac27 -> 
  custom:video-decoder-webm-vp8: 9c59270c3fd7afecdb556c50c9e8de78 -> 
  custom:audio-decoder-ogg-vorbis: bf7c407c2cedff20999df2af8eb42d56 -> 
